Performing C++ SOURCE FILE Test COMPILER_SUPPORT_Wlogicalop failed with the following output:
Change Dir: /Users/adisorn/Desktop/Codes/modern-numerics-for-theoretical-physics/build/CMakeFiles/CMakeTmp

Run Build Command(s):/opt/macports/2.7.1/bin/ninja cmTC_d5622 && [1/2] Building CXX object CMakeFiles/cmTC_d5622.dir/src.cxx.o
FAILED: CMakeFiles/cmTC_d5622.dir/src.cxx.o 
/usr/bin/clang++ -DCOMPILER_SUPPORT_Wlogicalop  -std=c++03 -pedantic -Wall -Wextra -Wundef -Wcast-align -Wchar-subscripts -Wnon-virtual-dtor -Wunused-local-typedefs -Wpointer-arith -Wwrite-strings -Wformat-security -Wshorten-64-to-32 -Werror -arch arm64 -isysroot /Library/Developer/CommandLineTools/SDKs/MacOSX14.4.sdk   -Wlogical-op -MD -MT CMakeFiles/cmTC_d5622.dir/src.cxx.o -MF CMakeFiles/cmTC_d5622.dir/src.cxx.o.d -o CMakeFiles/cmTC_d5622.dir/src.cxx.o -c src.cxx
error: unknown warning option '-Wlogical-op'; did you mean '-Wlong-long'? [-Werror,-Wunknown-warning-option]
ninja: build stopped: subcommand failed.


Source file was:
int main() { return 0; }
Performing C++ SOURCE FILE Test COMPILER_SUPPORT_wd981 failed with the following output:
Change Dir: /Users/adisorn/Desktop/Codes/modern-numerics-for-theoretical-physics/build/CMakeFiles/CMakeTmp

Run Build Command(s):/opt/macports/2.7.1/bin/ninja cmTC_4229a && [1/2] Building CXX object CMakeFiles/cmTC_4229a.dir/src.cxx.o
FAILED: CMakeFiles/cmTC_4229a.dir/src.cxx.o 
/usr/bin/clang++ -DCOMPILER_SUPPORT_wd981  -std=c++03 -pedantic -Wall -Wextra -Wundef -Wcast-align -Wchar-subscripts -Wnon-virtual-dtor -Wunused-local-typedefs -Wpointer-arith -Wwrite-strings -Wformat-security -Wshorten-64-to-32 -Wenum-conversion -Wc++11-extensions -Wdouble-promotion -Wshadow -Wno-psabi -Wno-variadic-macros -Wno-long-long -fno-check-new -fno-common -fstrict-aliasing -Werror -arch arm64 -isysroot /Library/Developer/CommandLineTools/SDKs/MacOSX14.4.sdk   -wd981 -MD -MT CMakeFiles/cmTC_4229a.dir/src.cxx.o -MF CMakeFiles/cmTC_4229a.dir/src.cxx.o.d -o CMakeFiles/cmTC_4229a.dir/src.cxx.o -c src.cxx
clang: error: unknown argument: '-wd981'
ninja: build stopped: subcommand failed.


Source file was:
int main() { return 0; }
Performing C++ SOURCE FILE Test COMPILER_SUPPORT_wd2304 failed with the following output:
Change Dir: /Users/adisorn/Desktop/Codes/modern-numerics-for-theoretical-physics/build/CMakeFiles/CMakeTmp

Run Build Command(s):/opt/macports/2.7.1/bin/ninja cmTC_ef9be && [1/2] Building CXX object CMakeFiles/cmTC_ef9be.dir/src.cxx.o
FAILED: CMakeFiles/cmTC_ef9be.dir/src.cxx.o 
/usr/bin/clang++ -DCOMPILER_SUPPORT_wd2304  -std=c++03 -pedantic -Wall -Wextra -Wundef -Wcast-align -Wchar-subscripts -Wnon-virtual-dtor -Wunused-local-typedefs -Wpointer-arith -Wwrite-strings -Wformat-security -Wshorten-64-to-32 -Wenum-conversion -Wc++11-extensions -Wdouble-promotion -Wshadow -Wno-psabi -Wno-variadic-macros -Wno-long-long -fno-check-new -fno-common -fstrict-aliasing -Werror -arch arm64 -isysroot /Library/Developer/CommandLineTools/SDKs/MacOSX14.4.sdk   -wd2304 -MD -MT CMakeFiles/cmTC_ef9be.dir/src.cxx.o -MF CMakeFiles/cmTC_ef9be.dir/src.cxx.o.d -o CMakeFiles/cmTC_ef9be.dir/src.cxx.o -c src.cxx
clang: error: unknown argument: '-wd2304'
ninja: build stopped: subcommand failed.


Source file was:
int main() { return 0; }
Performing C++ SOURCE FILE Test COMPILER_SUPPORT_STRICTANSI failed with the following output:
Change Dir: /Users/adisorn/Desktop/Codes/modern-numerics-for-theoretical-physics/build/CMakeFiles/CMakeTmp

Run Build Command(s):/opt/macports/2.7.1/bin/ninja cmTC_3e640 && [1/2] Building CXX object CMakeFiles/cmTC_3e640.dir/src.cxx.o
FAILED: CMakeFiles/cmTC_3e640.dir/src.cxx.o 
/usr/bin/clang++ -DCOMPILER_SUPPORT_STRICTANSI  -std=c++03 -pedantic -Wall -Wextra -Wundef -Wcast-align -Wchar-subscripts -Wnon-virtual-dtor -Wunused-local-typedefs -Wpointer-arith -Wwrite-strings -Wformat-security -Wshorten-64-to-32 -Wenum-conversion -Wc++11-extensions -Wdouble-promotion -Wshadow -Wno-psabi -Wno-variadic-macros -Wno-long-long -fno-check-new -fno-common -fstrict-aliasing -Werror -arch arm64 -isysroot /Library/Developer/CommandLineTools/SDKs/MacOSX14.4.sdk   -strict-ansi -MD -MT CMakeFiles/cmTC_3e640.dir/src.cxx.o -MF CMakeFiles/cmTC_3e640.dir/src.cxx.o.d -o CMakeFiles/cmTC_3e640.dir/src.cxx.o -c src.cxx
clang: error: unknown argument: '-strict-ansi'
ninja: build stopped: subcommand failed.


Source file was:
int main() { return 0; }
Performing C++ SOURCE FILE Test COMPILER_SUPPORT_OPENMP failed with the following output:
Change Dir: /Users/adisorn/Desktop/Codes/modern-numerics-for-theoretical-physics/build/CMakeFiles/CMakeTmp

Run Build Command(s):/opt/macports/2.7.1/bin/ninja cmTC_a9d96 && [1/2] Building CXX object CMakeFiles/cmTC_a9d96.dir/src.cxx.o
FAILED: CMakeFiles/cmTC_a9d96.dir/src.cxx.o 
/usr/bin/clang++ -DCOMPILER_SUPPORT_OPENMP  -std=c++03 -pedantic -Wall -Wextra -Wundef -Wcast-align -Wchar-subscripts -Wnon-virtual-dtor -Wunused-local-typedefs -Wpointer-arith -Wwrite-strings -Wformat-security -Wshorten-64-to-32 -Wenum-conversion -Wc++11-extensions -Wdouble-promotion -Wshadow -Wno-psabi -Wno-variadic-macros -Wno-long-long -fno-check-new -fno-common -fstrict-aliasing -Qunused-arguments -ansi  -arch arm64 -isysroot /Library/Developer/CommandLineTools/SDKs/MacOSX14.4.sdk   -fopenmp -MD -MT CMakeFiles/cmTC_a9d96.dir/src.cxx.o -MF CMakeFiles/cmTC_a9d96.dir/src.cxx.o.d -o CMakeFiles/cmTC_a9d96.dir/src.cxx.o -c src.cxx
clang: error: unsupported option '-fopenmp'
ninja: build stopped: subcommand failed.


Source file was:
int main() { return 0; }
Looking for a Fortran compiler failed with the following output:
-- The Fortran compiler identification is unknown
CMake Error at CMakeLists.txt:2 (project):
  No CMAKE_Fortran_COMPILER could be found.

  Tell CMake where to find the compiler by setting either the environment
  variable "FC" or the CMake cache entry CMAKE_Fortran_COMPILER to the full
  path to the compiler, or to the compiler name if it is in the PATH.


-- Configuring incomplete, errors occurred!
See also "/Users/adisorn/Desktop/Codes/modern-numerics-for-theoretical-physics/build/test/CMakeFiles/CheckFortran/CMakeFiles/CMakeOutput.log".
See also "/Users/adisorn/Desktop/Codes/modern-numerics-for-theoretical-physics/build/test/CMakeFiles/CheckFortran/CMakeFiles/CMakeError.log".

