The system is: Darwin - 23.5.0 - arm64
Compiling the C compiler identification source file "CMakeCCompilerId.c" succeeded.
Compiler: /usr/bin/clang 
Build flags: 
Id flags:  

The output was:
0


Compilation of the C compiler identification source "CMakeCCompilerId.c" produced "a.out"

The C compiler identification is AppleClang, found in "/Users/adisorn/Desktop/Codes/modern-numerics-for-theoretical-physics/build/CMakeFiles/3.20.5/CompilerIdC/a.out"

Compiling the CXX compiler identification source file "CMakeCXXCompilerId.cpp" succeeded.
Compiler: /usr/bin/clang++ 
Build flags: 
Id flags:  

The output was:
0


Compilation of the CXX compiler identification source "CMakeCXXCompilerId.cpp" produced "a.out"

The CXX compiler identification is AppleClang, found in "/Users/adisorn/Desktop/Codes/modern-numerics-for-theoretical-physics/build/CMakeFiles/3.20.5/CompilerIdCXX/a.out"

Detecting C compiler ABI info compiled with the following output:
Change Dir: /Users/adisorn/Desktop/Codes/modern-numerics-for-theoretical-physics/build/CMakeFiles/CMakeTmp

Run Build Command(s):/opt/macports/2.7.1/bin/ninja cmTC_b35d6 && [1/2] Building C object CMakeFiles/cmTC_b35d6.dir/CMakeCCompilerABI.c.o
Apple clang version 15.0.0 (clang-1500.3.9.4)
Target: arm64-apple-darwin23.5.0
Thread model: posix
InstalledDir: /Library/Developer/CommandLineTools/usr/bin
clang: warning: -Wl,-v: 'linker' input unused [-Wunused-command-line-argument]
 "/Library/Developer/CommandLineTools/usr/bin/clang" -cc1 -triple arm64-apple-macosx14.0.0 -Wundef-prefix=TARGET_OS_ -Wdeprecated-objc-isa-usage -Werror=deprecated-objc-isa-usage -Werror=implicit-function-declaration -emit-obj -mrelax-all --mrelax-relocations -disable-free -clear-ast-before-backend -disable-llvm-verifier -discard-value-names -main-file-name CMakeCCompilerABI.c -mrelocation-model pic -pic-level 2 -mframe-pointer=non-leaf -fno-strict-return -ffp-contract=on -fno-rounding-math -funwind-tables=1 -fobjc-msgsend-selector-stubs -target-sdk-version=14.4 -fvisibility-inlines-hidden-static-local-var -target-cpu apple-m1 -target-feature +v8.5a -target-feature +crc -target-feature +lse -target-feature +rdm -target-feature +crypto -target-feature +dotprod -target-feature +fp-armv8 -target-feature +neon -target-feature +fp16fml -target-feature +ras -target-feature +rcpc -target-feature +zcm -target-feature +zcz -target-feature +fullfp16 -target-feature +sm4 -target-feature +sha3 -target-feature +sha2 -target-feature +aes -target-abi darwinpcs -debugger-tuning=lldb -target-linker-version 1053.12 -v -fcoverage-compilation-dir=/Users/adisorn/Desktop/Codes/modern-numerics-for-theoretical-physics/build/CMakeFiles/CMakeTmp -resource-dir /Library/Developer/CommandLineTools/usr/lib/clang/15.0.0 -dependency-file CMakeFiles/cmTC_b35d6.dir/CMakeCCompilerABI.c.o.d -skip-unused-modulemap-deps -MT CMakeFiles/cmTC_b35d6.dir/CMakeCCompilerABI.c.o -sys-header-deps -isysroot /Library/Developer/CommandLineTools/SDKs/MacOSX14.4.sdk -internal-isystem /Library/Developer/CommandLineTools/SDKs/MacOSX14.4.sdk/usr/local/include -internal-isystem /Library/Developer/CommandLineTools/usr/lib/clang/15.0.0/include -internal-externc-isystem /Library/Developer/CommandLineTools/SDKs/MacOSX14.4.sdk/usr/include -internal-externc-isystem /Library/Developer/CommandLineTools/usr/include -Wno-reorder-init-list -Wno-implicit-int-float-conversion -Wno-c99-designator -Wno-final-dtor-non-final-class -Wno-extra-semi-stmt -Wno-misleading-indentation -Wno-quoted-include-in-framework-header -Wno-implicit-fallthrough -Wno-enum-enum-conversion -Wno-enum-float-conversion -Wno-elaborated-enum-base -Wno-reserved-identifier -Wno-gnu-folding-constant -fdebug-compilation-dir=/Users/adisorn/Desktop/Codes/modern-numerics-for-theoretical-physics/build/CMakeFiles/CMakeTmp -ferror-limit 19 -stack-protector 1 -fstack-check -mdarwin-stkchk-strong-link -fblocks -fencode-extended-block-signature -fregister-global-dtors-with-atexit -fgnuc-version=4.2.1 -fmax-type-align=16 -fcommon -clang-vendor-feature=+disableNonDependentMemberExprInCurrentInstantiation -fno-odr-hash-protocols -clang-vendor-feature=+enableAggressiveVLAFolding -clang-vendor-feature=+revert09abecef7bbf -clang-vendor-feature=+thisNoAlignAttr -clang-vendor-feature=+thisNoNullAttr -mllvm -disable-aligned-alloc-awareness=1 -D__GCC_HAVE_DWARF2_CFI_ASM=1 -o CMakeFiles/cmTC_b35d6.dir/CMakeCCompilerABI.c.o -x c /opt/macports/2.7.1/share/cmake-3.20/Modules/CMakeCCompilerABI.c
clang -cc1 version 15.0.0 (clang-1500.3.9.4) default target arm64-apple-darwin23.5.0
ignoring nonexistent directory "/Library/Developer/CommandLineTools/SDKs/MacOSX14.4.sdk/usr/local/include"
ignoring nonexistent directory "/Library/Developer/CommandLineTools/SDKs/MacOSX14.4.sdk/Library/Frameworks"
#include "..." search starts here:
#include <...> search starts here:
 /Library/Developer/CommandLineTools/usr/lib/clang/15.0.0/include
 /Library/Developer/CommandLineTools/SDKs/MacOSX14.4.sdk/usr/include
 /Library/Developer/CommandLineTools/usr/include
 /Library/Developer/CommandLineTools/SDKs/MacOSX14.4.sdk/System/Library/Frameworks (framework directory)
End of search list.
[2/2] Linking C executable cmTC_b35d6
Apple clang version 15.0.0 (clang-1500.3.9.4)
Target: arm64-apple-darwin23.5.0
Thread model: posix
InstalledDir: /Library/Developer/CommandLineTools/usr/bin
 "/Library/Developer/CommandLineTools/usr/bin/ld" -demangle -lto_library /Library/Developer/CommandLineTools/usr/lib/libLTO.dylib -dynamic -arch arm64 -platform_version macos 14.0.0 14.4 -syslibroot /Library/Developer/CommandLineTools/SDKs/MacOSX14.4.sdk -o cmTC_b35d6 -search_paths_first -headerpad_max_install_names -v CMakeFiles/cmTC_b35d6.dir/CMakeCCompilerABI.c.o -lSystem /Library/Developer/CommandLineTools/usr/lib/clang/15.0.0/lib/darwin/libclang_rt.osx.a
@(#)PROGRAM:ld PROJECT:ld-1053.12
BUILD 15:45:29 Feb  3 2024
configured to support archs: armv6 armv7 armv7s arm64 arm64e arm64_32 i386 x86_64 x86_64h armv6m armv7k armv7m armv7em
will use ld-classic for: armv6 armv7 armv7s arm64_32 i386 armv6m armv7k armv7m armv7em
LTO support using: LLVM version 15.0.0 (static support for 29, runtime is 29)
TAPI support using: Apple TAPI version 15.0.0 (tapi-1500.3.2.2)
Library search paths:
	/Library/Developer/CommandLineTools/SDKs/MacOSX14.4.sdk/usr/lib
	/Library/Developer/CommandLineTools/SDKs/MacOSX14.4.sdk/usr/lib/swift
Framework search paths:
	/Library/Developer/CommandLineTools/SDKs/MacOSX14.4.sdk/System/Library/Frameworks



Parsed C implicit include dir info from above output: rv=done
  found start of include info
  found start of implicit include info
    add: [/Library/Developer/CommandLineTools/usr/lib/clang/15.0.0/include]
    add: [/Library/Developer/CommandLineTools/SDKs/MacOSX14.4.sdk/usr/include]
    add: [/Library/Developer/CommandLineTools/usr/include]
  end of search list found
  collapse include dir [/Library/Developer/CommandLineTools/usr/lib/clang/15.0.0/include] ==> [/Library/Developer/CommandLineTools/usr/lib/clang/15.0.0/include]
  collapse include dir [/Library/Developer/CommandLineTools/SDKs/MacOSX14.4.sdk/usr/include] ==> [/Library/Developer/CommandLineTools/SDKs/MacOSX14.4.sdk/usr/include]
  collapse include dir [/Library/Developer/CommandLineTools/usr/include] ==> [/Library/Developer/CommandLineTools/usr/include]
  implicit include dirs: [/Library/Developer/CommandLineTools/usr/lib/clang/15.0.0/include;/Library/Developer/CommandLineTools/SDKs/MacOSX14.4.sdk/usr/include;/Library/Developer/CommandLineTools/usr/include]


Parsed C implicit link information from above output:
  link line regex: [^( *|.*[/\])(ld|CMAKE_LINK_STARTFILE-NOTFOUND|([^/\]+-)?ld|collect2)[^/\]*( |$)]
  ignore line: [Change Dir: /Users/adisorn/Desktop/Codes/modern-numerics-for-theoretical-physics/build/CMakeFiles/CMakeTmp]
  ignore line: []
  ignore line: [Run Build Command(s):/opt/macports/2.7.1/bin/ninja cmTC_b35d6 && [1/2] Building C object CMakeFiles/cmTC_b35d6.dir/CMakeCCompilerABI.c.o]
  ignore line: [Apple clang version 15.0.0 (clang-1500.3.9.4)]
  ignore line: [Target: arm64-apple-darwin23.5.0]
  ignore line: [Thread model: posix]
  ignore line: [InstalledDir: /Library/Developer/CommandLineTools/usr/bin]
  ignore line: [clang: warning: -Wl -v: 'linker' input unused [-Wunused-command-line-argument]]
  ignore line: [ "/Library/Developer/CommandLineTools/usr/bin/clang" -cc1 -triple arm64-apple-macosx14.0.0 -Wundef-prefix=TARGET_OS_ -Wdeprecated-objc-isa-usage -Werror=deprecated-objc-isa-usage -Werror=implicit-function-declaration -emit-obj -mrelax-all --mrelax-relocations -disable-free -clear-ast-before-backend -disable-llvm-verifier -discard-value-names -main-file-name CMakeCCompilerABI.c -mrelocation-model pic -pic-level 2 -mframe-pointer=non-leaf -fno-strict-return -ffp-contract=on -fno-rounding-math -funwind-tables=1 -fobjc-msgsend-selector-stubs -target-sdk-version=14.4 -fvisibility-inlines-hidden-static-local-var -target-cpu apple-m1 -target-feature +v8.5a -target-feature +crc -target-feature +lse -target-feature +rdm -target-feature +crypto -target-feature +dotprod -target-feature +fp-armv8 -target-feature +neon -target-feature +fp16fml -target-feature +ras -target-feature +rcpc -target-feature +zcm -target-feature +zcz -target-feature +fullfp16 -target-feature +sm4 -target-feature +sha3 -target-feature +sha2 -target-feature +aes -target-abi darwinpcs -debugger-tuning=lldb -target-linker-version 1053.12 -v -fcoverage-compilation-dir=/Users/adisorn/Desktop/Codes/modern-numerics-for-theoretical-physics/build/CMakeFiles/CMakeTmp -resource-dir /Library/Developer/CommandLineTools/usr/lib/clang/15.0.0 -dependency-file CMakeFiles/cmTC_b35d6.dir/CMakeCCompilerABI.c.o.d -skip-unused-modulemap-deps -MT CMakeFiles/cmTC_b35d6.dir/CMakeCCompilerABI.c.o -sys-header-deps -isysroot /Library/Developer/CommandLineTools/SDKs/MacOSX14.4.sdk -internal-isystem /Library/Developer/CommandLineTools/SDKs/MacOSX14.4.sdk/usr/local/include -internal-isystem /Library/Developer/CommandLineTools/usr/lib/clang/15.0.0/include -internal-externc-isystem /Library/Developer/CommandLineTools/SDKs/MacOSX14.4.sdk/usr/include -internal-externc-isystem /Library/Developer/CommandLineTools/usr/include -Wno-reorder-init-list -Wno-implicit-int-float-conversion -Wno-c99-designator -Wno-final-dtor-non-final-class -Wno-extra-semi-stmt -Wno-misleading-indentation -Wno-quoted-include-in-framework-header -Wno-implicit-fallthrough -Wno-enum-enum-conversion -Wno-enum-float-conversion -Wno-elaborated-enum-base -Wno-reserved-identifier -Wno-gnu-folding-constant -fdebug-compilation-dir=/Users/adisorn/Desktop/Codes/modern-numerics-for-theoretical-physics/build/CMakeFiles/CMakeTmp -ferror-limit 19 -stack-protector 1 -fstack-check -mdarwin-stkchk-strong-link -fblocks -fencode-extended-block-signature -fregister-global-dtors-with-atexit -fgnuc-version=4.2.1 -fmax-type-align=16 -fcommon -clang-vendor-feature=+disableNonDependentMemberExprInCurrentInstantiation -fno-odr-hash-protocols -clang-vendor-feature=+enableAggressiveVLAFolding -clang-vendor-feature=+revert09abecef7bbf -clang-vendor-feature=+thisNoAlignAttr -clang-vendor-feature=+thisNoNullAttr -mllvm -disable-aligned-alloc-awareness=1 -D__GCC_HAVE_DWARF2_CFI_ASM=1 -o CMakeFiles/cmTC_b35d6.dir/CMakeCCompilerABI.c.o -x c /opt/macports/2.7.1/share/cmake-3.20/Modules/CMakeCCompilerABI.c]
  ignore line: [clang -cc1 version 15.0.0 (clang-1500.3.9.4) default target arm64-apple-darwin23.5.0]
  ignore line: [ignoring nonexistent directory "/Library/Developer/CommandLineTools/SDKs/MacOSX14.4.sdk/usr/local/include"]
  ignore line: [ignoring nonexistent directory "/Library/Developer/CommandLineTools/SDKs/MacOSX14.4.sdk/Library/Frameworks"]
  ignore line: [#include "..." search starts here:]
  ignore line: [#include <...> search starts here:]
  ignore line: [ /Library/Developer/CommandLineTools/usr/lib/clang/15.0.0/include]
  ignore line: [ /Library/Developer/CommandLineTools/SDKs/MacOSX14.4.sdk/usr/include]
  ignore line: [ /Library/Developer/CommandLineTools/usr/include]
  ignore line: [ /Library/Developer/CommandLineTools/SDKs/MacOSX14.4.sdk/System/Library/Frameworks (framework directory)]
  ignore line: [End of search list.]
  ignore line: [[2/2] Linking C executable cmTC_b35d6]
  ignore line: [Apple clang version 15.0.0 (clang-1500.3.9.4)]
  ignore line: [Target: arm64-apple-darwin23.5.0]
  ignore line: [Thread model: posix]
  ignore line: [InstalledDir: /Library/Developer/CommandLineTools/usr/bin]
  link line: [ "/Library/Developer/CommandLineTools/usr/bin/ld" -demangle -lto_library /Library/Developer/CommandLineTools/usr/lib/libLTO.dylib -dynamic -arch arm64 -platform_version macos 14.0.0 14.4 -syslibroot /Library/Developer/CommandLineTools/SDKs/MacOSX14.4.sdk -o cmTC_b35d6 -search_paths_first -headerpad_max_install_names -v CMakeFiles/cmTC_b35d6.dir/CMakeCCompilerABI.c.o -lSystem /Library/Developer/CommandLineTools/usr/lib/clang/15.0.0/lib/darwin/libclang_rt.osx.a]
    arg [/Library/Developer/CommandLineTools/usr/bin/ld] ==> ignore
    arg [-demangle] ==> ignore
    arg [-lto_library] ==> ignore, skip following value
    arg [/Library/Developer/CommandLineTools/usr/lib/libLTO.dylib] ==> skip value of -lto_library
    arg [-dynamic] ==> ignore
    arg [-arch] ==> ignore
    arg [arm64] ==> ignore
    arg [-platform_version] ==> ignore
    arg [macos] ==> ignore
    arg [14.0.0] ==> ignore
    arg [14.4] ==> ignore
    arg [-syslibroot] ==> ignore
    arg [/Library/Developer/CommandLineTools/SDKs/MacOSX14.4.sdk] ==> ignore
    arg [-o] ==> ignore
    arg [cmTC_b35d6] ==> ignore
    arg [-search_paths_first] ==> ignore
    arg [-headerpad_max_install_names] ==> ignore
    arg [-v] ==> ignore
    arg [CMakeFiles/cmTC_b35d6.dir/CMakeCCompilerABI.c.o] ==> ignore
    arg [-lSystem] ==> lib [System]
    arg [/Library/Developer/CommandLineTools/usr/lib/clang/15.0.0/lib/darwin/libclang_rt.osx.a] ==> lib [/Library/Developer/CommandLineTools/usr/lib/clang/15.0.0/lib/darwin/libclang_rt.osx.a]
  Library search paths: [;/Library/Developer/CommandLineTools/SDKs/MacOSX14.4.sdk/usr/lib;/Library/Developer/CommandLineTools/SDKs/MacOSX14.4.sdk/usr/lib/swift]
  Framework search paths: [;/Library/Developer/CommandLineTools/SDKs/MacOSX14.4.sdk/System/Library/Frameworks]
  remove lib [System]
  remove lib [/Library/Developer/CommandLineTools/usr/lib/clang/15.0.0/lib/darwin/libclang_rt.osx.a]
  collapse library dir [/Library/Developer/CommandLineTools/SDKs/MacOSX14.4.sdk/usr/lib] ==> [/Library/Developer/CommandLineTools/SDKs/MacOSX14.4.sdk/usr/lib]
  collapse library dir [/Library/Developer/CommandLineTools/SDKs/MacOSX14.4.sdk/usr/lib/swift] ==> [/Library/Developer/CommandLineTools/SDKs/MacOSX14.4.sdk/usr/lib/swift]
  collapse framework dir [/Library/Developer/CommandLineTools/SDKs/MacOSX14.4.sdk/System/Library/Frameworks] ==> [/Library/Developer/CommandLineTools/SDKs/MacOSX14.4.sdk/System/Library/Frameworks]
  implicit libs: []
  implicit objs: []
  implicit dirs: [/Library/Developer/CommandLineTools/SDKs/MacOSX14.4.sdk/usr/lib;/Library/Developer/CommandLineTools/SDKs/MacOSX14.4.sdk/usr/lib/swift]
  implicit fwks: [/Library/Developer/CommandLineTools/SDKs/MacOSX14.4.sdk/System/Library/Frameworks]


Detecting CXX compiler ABI info compiled with the following output:
Change Dir: /Users/adisorn/Desktop/Codes/modern-numerics-for-theoretical-physics/build/CMakeFiles/CMakeTmp

Run Build Command(s):/opt/macports/2.7.1/bin/ninja cmTC_66d30 && [1/2] Building CXX object CMakeFiles/cmTC_66d30.dir/CMakeCXXCompilerABI.cpp.o
Apple clang version 15.0.0 (clang-1500.3.9.4)
Target: arm64-apple-darwin23.5.0
Thread model: posix
InstalledDir: /Library/Developer/CommandLineTools/usr/bin
clang: warning: -Wl,-v: 'linker' input unused [-Wunused-command-line-argument]
 "/Library/Developer/CommandLineTools/usr/bin/clang" -cc1 -triple arm64-apple-macosx14.0.0 -Wundef-prefix=TARGET_OS_ -Wdeprecated-objc-isa-usage -Werror=deprecated-objc-isa-usage -Werror=implicit-function-declaration -emit-obj -mrelax-all --mrelax-relocations -disable-free -clear-ast-before-backend -disable-llvm-verifier -discard-value-names -main-file-name CMakeCXXCompilerABI.cpp -mrelocation-model pic -pic-level 2 -mframe-pointer=non-leaf -fno-strict-return -ffp-contract=on -fno-rounding-math -funwind-tables=1 -fobjc-msgsend-selector-stubs -target-sdk-version=14.4 -fvisibility-inlines-hidden-static-local-var -target-cpu apple-m1 -target-feature +v8.5a -target-feature +crc -target-feature +lse -target-feature +rdm -target-feature +crypto -target-feature +dotprod -target-feature +fp-armv8 -target-feature +neon -target-feature +fp16fml -target-feature +ras -target-feature +rcpc -target-feature +zcm -target-feature +zcz -target-feature +fullfp16 -target-feature +sm4 -target-feature +sha3 -target-feature +sha2 -target-feature +aes -target-abi darwinpcs -debugger-tuning=lldb -target-linker-version 1053.12 -v -fcoverage-compilation-dir=/Users/adisorn/Desktop/Codes/modern-numerics-for-theoretical-physics/build/CMakeFiles/CMakeTmp -resource-dir /Library/Developer/CommandLineTools/usr/lib/clang/15.0.0 -dependency-file CMakeFiles/cmTC_66d30.dir/CMakeCXXCompilerABI.cpp.o.d -skip-unused-modulemap-deps -MT CMakeFiles/cmTC_66d30.dir/CMakeCXXCompilerABI.cpp.o -sys-header-deps -isysroot /Library/Developer/CommandLineTools/SDKs/MacOSX14.4.sdk -internal-isystem /Library/Developer/CommandLineTools/SDKs/MacOSX14.4.sdk/usr/include/c++/v1 -internal-isystem /Library/Developer/CommandLineTools/SDKs/MacOSX14.4.sdk/usr/local/include -internal-isystem /Library/Developer/CommandLineTools/usr/lib/clang/15.0.0/include -internal-externc-isystem /Library/Developer/CommandLineTools/SDKs/MacOSX14.4.sdk/usr/include -internal-externc-isystem /Library/Developer/CommandLineTools/usr/include -Wno-reorder-init-list -Wno-implicit-int-float-conversion -Wno-c99-designator -Wno-final-dtor-non-final-class -Wno-extra-semi-stmt -Wno-misleading-indentation -Wno-quoted-include-in-framework-header -Wno-implicit-fallthrough -Wno-enum-enum-conversion -Wno-enum-float-conversion -Wno-elaborated-enum-base -Wno-reserved-identifier -Wno-gnu-folding-constant -fdeprecated-macro -fdebug-compilation-dir=/Users/adisorn/Desktop/Codes/modern-numerics-for-theoretical-physics/build/CMakeFiles/CMakeTmp -ferror-limit 19 -stack-protector 1 -fstack-check -mdarwin-stkchk-strong-link -fblocks -fencode-extended-block-signature -fregister-global-dtors-with-atexit -fgnuc-version=4.2.1 -fno-cxx-modules -fcxx-exceptions -fexceptions -fmax-type-align=16 -fcommon -clang-vendor-feature=+disableNonDependentMemberExprInCurrentInstantiation -fno-odr-hash-protocols -clang-vendor-feature=+enableAggressiveVLAFolding -clang-vendor-feature=+revert09abecef7bbf -clang-vendor-feature=+thisNoAlignAttr -clang-vendor-feature=+thisNoNullAttr -mllvm -disable-aligned-alloc-awareness=1 -D__GCC_HAVE_DWARF2_CFI_ASM=1 -o CMakeFiles/cmTC_66d30.dir/CMakeCXXCompilerABI.cpp.o -x c++ /opt/macports/2.7.1/share/cmake-3.20/Modules/CMakeCXXCompilerABI.cpp
clang -cc1 version 15.0.0 (clang-1500.3.9.4) default target arm64-apple-darwin23.5.0
ignoring nonexistent directory "/Library/Developer/CommandLineTools/SDKs/MacOSX14.4.sdk/usr/local/include"
ignoring nonexistent directory "/Library/Developer/CommandLineTools/SDKs/MacOSX14.4.sdk/Library/Frameworks"
#include "..." search starts here:
#include <...> search starts here:
 /Library/Developer/CommandLineTools/SDKs/MacOSX14.4.sdk/usr/include/c++/v1
 /Library/Developer/CommandLineTools/usr/lib/clang/15.0.0/include
 /Library/Developer/CommandLineTools/SDKs/MacOSX14.4.sdk/usr/include
 /Library/Developer/CommandLineTools/usr/include
 /Library/Developer/CommandLineTools/SDKs/MacOSX14.4.sdk/System/Library/Frameworks (framework directory)
End of search list.
[2/2] Linking CXX executable cmTC_66d30
Apple clang version 15.0.0 (clang-1500.3.9.4)
Target: arm64-apple-darwin23.5.0
Thread model: posix
InstalledDir: /Library/Developer/CommandLineTools/usr/bin
 "/Library/Developer/CommandLineTools/usr/bin/ld" -demangle -lto_library /Library/Developer/CommandLineTools/usr/lib/libLTO.dylib -dynamic -arch arm64 -platform_version macos 14.0.0 14.4 -syslibroot /Library/Developer/CommandLineTools/SDKs/MacOSX14.4.sdk -o cmTC_66d30 -search_paths_first -headerpad_max_install_names -v CMakeFiles/cmTC_66d30.dir/CMakeCXXCompilerABI.cpp.o -lc++ -lSystem /Library/Developer/CommandLineTools/usr/lib/clang/15.0.0/lib/darwin/libclang_rt.osx.a
@(#)PROGRAM:ld PROJECT:ld-1053.12
BUILD 15:45:29 Feb  3 2024
configured to support archs: armv6 armv7 armv7s arm64 arm64e arm64_32 i386 x86_64 x86_64h armv6m armv7k armv7m armv7em
will use ld-classic for: armv6 armv7 armv7s arm64_32 i386 armv6m armv7k armv7m armv7em
LTO support using: LLVM version 15.0.0 (static support for 29, runtime is 29)
TAPI support using: Apple TAPI version 15.0.0 (tapi-1500.3.2.2)
Library search paths:
	/Library/Developer/CommandLineTools/SDKs/MacOSX14.4.sdk/usr/lib
	/Library/Developer/CommandLineTools/SDKs/MacOSX14.4.sdk/usr/lib/swift
Framework search paths:
	/Library/Developer/CommandLineTools/SDKs/MacOSX14.4.sdk/System/Library/Frameworks



Parsed CXX implicit include dir info from above output: rv=done
  found start of include info
  found start of implicit include info
    add: [/Library/Developer/CommandLineTools/SDKs/MacOSX14.4.sdk/usr/include/c++/v1]
    add: [/Library/Developer/CommandLineTools/usr/lib/clang/15.0.0/include]
    add: [/Library/Developer/CommandLineTools/SDKs/MacOSX14.4.sdk/usr/include]
    add: [/Library/Developer/CommandLineTools/usr/include]
  end of search list found
  collapse include dir [/Library/Developer/CommandLineTools/SDKs/MacOSX14.4.sdk/usr/include/c++/v1] ==> [/Library/Developer/CommandLineTools/SDKs/MacOSX14.4.sdk/usr/include/c++/v1]
  collapse include dir [/Library/Developer/CommandLineTools/usr/lib/clang/15.0.0/include] ==> [/Library/Developer/CommandLineTools/usr/lib/clang/15.0.0/include]
  collapse include dir [/Library/Developer/CommandLineTools/SDKs/MacOSX14.4.sdk/usr/include] ==> [/Library/Developer/CommandLineTools/SDKs/MacOSX14.4.sdk/usr/include]
  collapse include dir [/Library/Developer/CommandLineTools/usr/include] ==> [/Library/Developer/CommandLineTools/usr/include]
  implicit include dirs: [/Library/Developer/CommandLineTools/SDKs/MacOSX14.4.sdk/usr/include/c++/v1;/Library/Developer/CommandLineTools/usr/lib/clang/15.0.0/include;/Library/Developer/CommandLineTools/SDKs/MacOSX14.4.sdk/usr/include;/Library/Developer/CommandLineTools/usr/include]


Parsed CXX implicit link information from above output:
  link line regex: [^( *|.*[/\])(ld|CMAKE_LINK_STARTFILE-NOTFOUND|([^/\]+-)?ld|collect2)[^/\]*( |$)]
  ignore line: [Change Dir: /Users/adisorn/Desktop/Codes/modern-numerics-for-theoretical-physics/build/CMakeFiles/CMakeTmp]
  ignore line: []
  ignore line: [Run Build Command(s):/opt/macports/2.7.1/bin/ninja cmTC_66d30 && [1/2] Building CXX object CMakeFiles/cmTC_66d30.dir/CMakeCXXCompilerABI.cpp.o]
  ignore line: [Apple clang version 15.0.0 (clang-1500.3.9.4)]
  ignore line: [Target: arm64-apple-darwin23.5.0]
  ignore line: [Thread model: posix]
  ignore line: [InstalledDir: /Library/Developer/CommandLineTools/usr/bin]
  ignore line: [clang: warning: -Wl -v: 'linker' input unused [-Wunused-command-line-argument]]
  ignore line: [ "/Library/Developer/CommandLineTools/usr/bin/clang" -cc1 -triple arm64-apple-macosx14.0.0 -Wundef-prefix=TARGET_OS_ -Wdeprecated-objc-isa-usage -Werror=deprecated-objc-isa-usage -Werror=implicit-function-declaration -emit-obj -mrelax-all --mrelax-relocations -disable-free -clear-ast-before-backend -disable-llvm-verifier -discard-value-names -main-file-name CMakeCXXCompilerABI.cpp -mrelocation-model pic -pic-level 2 -mframe-pointer=non-leaf -fno-strict-return -ffp-contract=on -fno-rounding-math -funwind-tables=1 -fobjc-msgsend-selector-stubs -target-sdk-version=14.4 -fvisibility-inlines-hidden-static-local-var -target-cpu apple-m1 -target-feature +v8.5a -target-feature +crc -target-feature +lse -target-feature +rdm -target-feature +crypto -target-feature +dotprod -target-feature +fp-armv8 -target-feature +neon -target-feature +fp16fml -target-feature +ras -target-feature +rcpc -target-feature +zcm -target-feature +zcz -target-feature +fullfp16 -target-feature +sm4 -target-feature +sha3 -target-feature +sha2 -target-feature +aes -target-abi darwinpcs -debugger-tuning=lldb -target-linker-version 1053.12 -v -fcoverage-compilation-dir=/Users/adisorn/Desktop/Codes/modern-numerics-for-theoretical-physics/build/CMakeFiles/CMakeTmp -resource-dir /Library/Developer/CommandLineTools/usr/lib/clang/15.0.0 -dependency-file CMakeFiles/cmTC_66d30.dir/CMakeCXXCompilerABI.cpp.o.d -skip-unused-modulemap-deps -MT CMakeFiles/cmTC_66d30.dir/CMakeCXXCompilerABI.cpp.o -sys-header-deps -isysroot /Library/Developer/CommandLineTools/SDKs/MacOSX14.4.sdk -internal-isystem /Library/Developer/CommandLineTools/SDKs/MacOSX14.4.sdk/usr/include/c++/v1 -internal-isystem /Library/Developer/CommandLineTools/SDKs/MacOSX14.4.sdk/usr/local/include -internal-isystem /Library/Developer/CommandLineTools/usr/lib/clang/15.0.0/include -internal-externc-isystem /Library/Developer/CommandLineTools/SDKs/MacOSX14.4.sdk/usr/include -internal-externc-isystem /Library/Developer/CommandLineTools/usr/include -Wno-reorder-init-list -Wno-implicit-int-float-conversion -Wno-c99-designator -Wno-final-dtor-non-final-class -Wno-extra-semi-stmt -Wno-misleading-indentation -Wno-quoted-include-in-framework-header -Wno-implicit-fallthrough -Wno-enum-enum-conversion -Wno-enum-float-conversion -Wno-elaborated-enum-base -Wno-reserved-identifier -Wno-gnu-folding-constant -fdeprecated-macro -fdebug-compilation-dir=/Users/adisorn/Desktop/Codes/modern-numerics-for-theoretical-physics/build/CMakeFiles/CMakeTmp -ferror-limit 19 -stack-protector 1 -fstack-check -mdarwin-stkchk-strong-link -fblocks -fencode-extended-block-signature -fregister-global-dtors-with-atexit -fgnuc-version=4.2.1 -fno-cxx-modules -fcxx-exceptions -fexceptions -fmax-type-align=16 -fcommon -clang-vendor-feature=+disableNonDependentMemberExprInCurrentInstantiation -fno-odr-hash-protocols -clang-vendor-feature=+enableAggressiveVLAFolding -clang-vendor-feature=+revert09abecef7bbf -clang-vendor-feature=+thisNoAlignAttr -clang-vendor-feature=+thisNoNullAttr -mllvm -disable-aligned-alloc-awareness=1 -D__GCC_HAVE_DWARF2_CFI_ASM=1 -o CMakeFiles/cmTC_66d30.dir/CMakeCXXCompilerABI.cpp.o -x c++ /opt/macports/2.7.1/share/cmake-3.20/Modules/CMakeCXXCompilerABI.cpp]
  ignore line: [clang -cc1 version 15.0.0 (clang-1500.3.9.4) default target arm64-apple-darwin23.5.0]
  ignore line: [ignoring nonexistent directory "/Library/Developer/CommandLineTools/SDKs/MacOSX14.4.sdk/usr/local/include"]
  ignore line: [ignoring nonexistent directory "/Library/Developer/CommandLineTools/SDKs/MacOSX14.4.sdk/Library/Frameworks"]
  ignore line: [#include "..." search starts here:]
  ignore line: [#include <...> search starts here:]
  ignore line: [ /Library/Developer/CommandLineTools/SDKs/MacOSX14.4.sdk/usr/include/c++/v1]
  ignore line: [ /Library/Developer/CommandLineTools/usr/lib/clang/15.0.0/include]
  ignore line: [ /Library/Developer/CommandLineTools/SDKs/MacOSX14.4.sdk/usr/include]
  ignore line: [ /Library/Developer/CommandLineTools/usr/include]
  ignore line: [ /Library/Developer/CommandLineTools/SDKs/MacOSX14.4.sdk/System/Library/Frameworks (framework directory)]
  ignore line: [End of search list.]
  ignore line: [[2/2] Linking CXX executable cmTC_66d30]
  ignore line: [Apple clang version 15.0.0 (clang-1500.3.9.4)]
  ignore line: [Target: arm64-apple-darwin23.5.0]
  ignore line: [Thread model: posix]
  ignore line: [InstalledDir: /Library/Developer/CommandLineTools/usr/bin]
  link line: [ "/Library/Developer/CommandLineTools/usr/bin/ld" -demangle -lto_library /Library/Developer/CommandLineTools/usr/lib/libLTO.dylib -dynamic -arch arm64 -platform_version macos 14.0.0 14.4 -syslibroot /Library/Developer/CommandLineTools/SDKs/MacOSX14.4.sdk -o cmTC_66d30 -search_paths_first -headerpad_max_install_names -v CMakeFiles/cmTC_66d30.dir/CMakeCXXCompilerABI.cpp.o -lc++ -lSystem /Library/Developer/CommandLineTools/usr/lib/clang/15.0.0/lib/darwin/libclang_rt.osx.a]
    arg [/Library/Developer/CommandLineTools/usr/bin/ld] ==> ignore
    arg [-demangle] ==> ignore
    arg [-lto_library] ==> ignore, skip following value
    arg [/Library/Developer/CommandLineTools/usr/lib/libLTO.dylib] ==> skip value of -lto_library
    arg [-dynamic] ==> ignore
    arg [-arch] ==> ignore
    arg [arm64] ==> ignore
    arg [-platform_version] ==> ignore
    arg [macos] ==> ignore
    arg [14.0.0] ==> ignore
    arg [14.4] ==> ignore
    arg [-syslibroot] ==> ignore
    arg [/Library/Developer/CommandLineTools/SDKs/MacOSX14.4.sdk] ==> ignore
    arg [-o] ==> ignore
    arg [cmTC_66d30] ==> ignore
    arg [-search_paths_first] ==> ignore
    arg [-headerpad_max_install_names] ==> ignore
    arg [-v] ==> ignore
    arg [CMakeFiles/cmTC_66d30.dir/CMakeCXXCompilerABI.cpp.o] ==> ignore
    arg [-lc++] ==> lib [c++]
    arg [-lSystem] ==> lib [System]
    arg [/Library/Developer/CommandLineTools/usr/lib/clang/15.0.0/lib/darwin/libclang_rt.osx.a] ==> lib [/Library/Developer/CommandLineTools/usr/lib/clang/15.0.0/lib/darwin/libclang_rt.osx.a]
  Library search paths: [;/Library/Developer/CommandLineTools/SDKs/MacOSX14.4.sdk/usr/lib;/Library/Developer/CommandLineTools/SDKs/MacOSX14.4.sdk/usr/lib/swift]
  Framework search paths: [;/Library/Developer/CommandLineTools/SDKs/MacOSX14.4.sdk/System/Library/Frameworks]
  remove lib [System]
  remove lib [/Library/Developer/CommandLineTools/usr/lib/clang/15.0.0/lib/darwin/libclang_rt.osx.a]
  collapse library dir [/Library/Developer/CommandLineTools/SDKs/MacOSX14.4.sdk/usr/lib] ==> [/Library/Developer/CommandLineTools/SDKs/MacOSX14.4.sdk/usr/lib]
  collapse library dir [/Library/Developer/CommandLineTools/SDKs/MacOSX14.4.sdk/usr/lib/swift] ==> [/Library/Developer/CommandLineTools/SDKs/MacOSX14.4.sdk/usr/lib/swift]
  collapse framework dir [/Library/Developer/CommandLineTools/SDKs/MacOSX14.4.sdk/System/Library/Frameworks] ==> [/Library/Developer/CommandLineTools/SDKs/MacOSX14.4.sdk/System/Library/Frameworks]
  implicit libs: [c++]
  implicit objs: []
  implicit dirs: [/Library/Developer/CommandLineTools/SDKs/MacOSX14.4.sdk/usr/lib;/Library/Developer/CommandLineTools/SDKs/MacOSX14.4.sdk/usr/lib/swift]
  implicit fwks: [/Library/Developer/CommandLineTools/SDKs/MacOSX14.4.sdk/System/Library/Frameworks]


Performing C++ SOURCE FILE Test EIGEN_COMPILER_SUPPORT_CPP11 succeeded with the following output:
Change Dir: /Users/adisorn/Desktop/Codes/modern-numerics-for-theoretical-physics/build/CMakeFiles/CMakeTmp

Run Build Command(s):/opt/macports/2.7.1/bin/ninja cmTC_d724f && [1/2] Building CXX object CMakeFiles/cmTC_d724f.dir/src.cxx.o
[2/2] Linking CXX executable cmTC_d724f


Source file was:
int main() { return 0; }
Performing C++ SOURCE FILE Test COMPILER_SUPPORT_std=cpp03 succeeded with the following output:
Change Dir: /Users/adisorn/Desktop/Codes/modern-numerics-for-theoretical-physics/build/CMakeFiles/CMakeTmp

Run Build Command(s):/opt/macports/2.7.1/bin/ninja cmTC_7157c && [1/2] Building CXX object CMakeFiles/cmTC_7157c.dir/src.cxx.o
[2/2] Linking CXX executable cmTC_7157c


Source file was:
int main() { return 0; }
Performing C++ SOURCE FILE Test standard_math_library_linked_to_automatically succeeded with the following output:
Change Dir: /Users/adisorn/Desktop/Codes/modern-numerics-for-theoretical-physics/build/CMakeFiles/CMakeTmp

Run Build Command(s):/opt/macports/2.7.1/bin/ninja cmTC_096b2 && [1/2] Building CXX object CMakeFiles/cmTC_096b2.dir/src.cxx.o
[2/2] Linking CXX executable cmTC_096b2


Source file was:

#include<cmath>
int main(int argc, char **){
  return int(std::sin(double(argc)) + std::log(double(argc)));
}
Performing C++ SOURCE FILE Test COMPILER_SUPPORT_WERROR succeeded with the following output:
Change Dir: /Users/adisorn/Desktop/Codes/modern-numerics-for-theoretical-physics/build/CMakeFiles/CMakeTmp

Run Build Command(s):/opt/macports/2.7.1/bin/ninja cmTC_bf404 && [1/2] Building CXX object CMakeFiles/cmTC_bf404.dir/src.cxx.o
[2/2] Linking CXX executable cmTC_bf404


Source file was:
int main() { return 0; }
Performing C++ SOURCE FILE Test COMPILER_SUPPORT_pedantic succeeded with the following output:
Change Dir: /Users/adisorn/Desktop/Codes/modern-numerics-for-theoretical-physics/build/CMakeFiles/CMakeTmp

Run Build Command(s):/opt/macports/2.7.1/bin/ninja cmTC_2b3ca && [1/2] Building CXX object CMakeFiles/cmTC_2b3ca.dir/src.cxx.o
[2/2] Linking CXX executable cmTC_2b3ca


Source file was:
int main() { return 0; }
Performing C++ SOURCE FILE Test COMPILER_SUPPORT_Wall succeeded with the following output:
Change Dir: /Users/adisorn/Desktop/Codes/modern-numerics-for-theoretical-physics/build/CMakeFiles/CMakeTmp

Run Build Command(s):/opt/macports/2.7.1/bin/ninja cmTC_4203e && [1/2] Building CXX object CMakeFiles/cmTC_4203e.dir/src.cxx.o
[2/2] Linking CXX executable cmTC_4203e


Source file was:
int main() { return 0; }
Performing C++ SOURCE FILE Test COMPILER_SUPPORT_Wextra succeeded with the following output:
Change Dir: /Users/adisorn/Desktop/Codes/modern-numerics-for-theoretical-physics/build/CMakeFiles/CMakeTmp

Run Build Command(s):/opt/macports/2.7.1/bin/ninja cmTC_25fc7 && [1/2] Building CXX object CMakeFiles/cmTC_25fc7.dir/src.cxx.o
[2/2] Linking CXX executable cmTC_25fc7


Source file was:
int main() { return 0; }
Performing C++ SOURCE FILE Test COMPILER_SUPPORT_Wundef succeeded with the following output:
Change Dir: /Users/adisorn/Desktop/Codes/modern-numerics-for-theoretical-physics/build/CMakeFiles/CMakeTmp

Run Build Command(s):/opt/macports/2.7.1/bin/ninja cmTC_c3bca && [1/2] Building CXX object CMakeFiles/cmTC_c3bca.dir/src.cxx.o
[2/2] Linking CXX executable cmTC_c3bca


Source file was:
int main() { return 0; }
Performing C++ SOURCE FILE Test COMPILER_SUPPORT_Wcastalign succeeded with the following output:
Change Dir: /Users/adisorn/Desktop/Codes/modern-numerics-for-theoretical-physics/build/CMakeFiles/CMakeTmp

Run Build Command(s):/opt/macports/2.7.1/bin/ninja cmTC_78182 && [1/2] Building CXX object CMakeFiles/cmTC_78182.dir/src.cxx.o
[2/2] Linking CXX executable cmTC_78182


Source file was:
int main() { return 0; }
Performing C++ SOURCE FILE Test COMPILER_SUPPORT_Wcharsubscripts succeeded with the following output:
Change Dir: /Users/adisorn/Desktop/Codes/modern-numerics-for-theoretical-physics/build/CMakeFiles/CMakeTmp

Run Build Command(s):/opt/macports/2.7.1/bin/ninja cmTC_b68f6 && [1/2] Building CXX object CMakeFiles/cmTC_b68f6.dir/src.cxx.o
[2/2] Linking CXX executable cmTC_b68f6


Source file was:
int main() { return 0; }
Performing C++ SOURCE FILE Test COMPILER_SUPPORT_Wnonvirtualdtor succeeded with the following output:
Change Dir: /Users/adisorn/Desktop/Codes/modern-numerics-for-theoretical-physics/build/CMakeFiles/CMakeTmp

Run Build Command(s):/opt/macports/2.7.1/bin/ninja cmTC_fdf6d && [1/2] Building CXX object CMakeFiles/cmTC_fdf6d.dir/src.cxx.o
[2/2] Linking CXX executable cmTC_fdf6d


Source file was:
int main() { return 0; }
Performing C++ SOURCE FILE Test COMPILER_SUPPORT_Wunusedlocaltypedefs succeeded with the following output:
Change Dir: /Users/adisorn/Desktop/Codes/modern-numerics-for-theoretical-physics/build/CMakeFiles/CMakeTmp

Run Build Command(s):/opt/macports/2.7.1/bin/ninja cmTC_cebd3 && [1/2] Building CXX object CMakeFiles/cmTC_cebd3.dir/src.cxx.o
[2/2] Linking CXX executable cmTC_cebd3


Source file was:
int main() { return 0; }
Performing C++ SOURCE FILE Test COMPILER_SUPPORT_Wpointerarith succeeded with the following output:
Change Dir: /Users/adisorn/Desktop/Codes/modern-numerics-for-theoretical-physics/build/CMakeFiles/CMakeTmp

Run Build Command(s):/opt/macports/2.7.1/bin/ninja cmTC_7d5df && [1/2] Building CXX object CMakeFiles/cmTC_7d5df.dir/src.cxx.o
[2/2] Linking CXX executable cmTC_7d5df


Source file was:
int main() { return 0; }
Performing C++ SOURCE FILE Test COMPILER_SUPPORT_Wwritestrings succeeded with the following output:
Change Dir: /Users/adisorn/Desktop/Codes/modern-numerics-for-theoretical-physics/build/CMakeFiles/CMakeTmp

Run Build Command(s):/opt/macports/2.7.1/bin/ninja cmTC_6757c && [1/2] Building CXX object CMakeFiles/cmTC_6757c.dir/src.cxx.o
[2/2] Linking CXX executable cmTC_6757c


Source file was:
int main() { return 0; }
Performing C++ SOURCE FILE Test COMPILER_SUPPORT_Wformatsecurity succeeded with the following output:
Change Dir: /Users/adisorn/Desktop/Codes/modern-numerics-for-theoretical-physics/build/CMakeFiles/CMakeTmp

Run Build Command(s):/opt/macports/2.7.1/bin/ninja cmTC_91ec3 && [1/2] Building CXX object CMakeFiles/cmTC_91ec3.dir/src.cxx.o
[2/2] Linking CXX executable cmTC_91ec3


Source file was:
int main() { return 0; }
Performing C++ SOURCE FILE Test COMPILER_SUPPORT_Wshorten64to32 succeeded with the following output:
Change Dir: /Users/adisorn/Desktop/Codes/modern-numerics-for-theoretical-physics/build/CMakeFiles/CMakeTmp

Run Build Command(s):/opt/macports/2.7.1/bin/ninja cmTC_feefb && [1/2] Building CXX object CMakeFiles/cmTC_feefb.dir/src.cxx.o
[2/2] Linking CXX executable cmTC_feefb


Source file was:
int main() { return 0; }
Performing C++ SOURCE FILE Test COMPILER_SUPPORT_Wenumconversion succeeded with the following output:
Change Dir: /Users/adisorn/Desktop/Codes/modern-numerics-for-theoretical-physics/build/CMakeFiles/CMakeTmp

Run Build Command(s):/opt/macports/2.7.1/bin/ninja cmTC_4870f && [1/2] Building CXX object CMakeFiles/cmTC_4870f.dir/src.cxx.o
[2/2] Linking CXX executable cmTC_4870f


Source file was:
int main() { return 0; }
Performing C++ SOURCE FILE Test COMPILER_SUPPORT_Wcpp11extensions succeeded with the following output:
Change Dir: /Users/adisorn/Desktop/Codes/modern-numerics-for-theoretical-physics/build/CMakeFiles/CMakeTmp

Run Build Command(s):/opt/macports/2.7.1/bin/ninja cmTC_90b4d && [1/2] Building CXX object CMakeFiles/cmTC_90b4d.dir/src.cxx.o
[2/2] Linking CXX executable cmTC_90b4d


Source file was:
int main() { return 0; }
Performing C++ SOURCE FILE Test COMPILER_SUPPORT_Wdoublepromotion succeeded with the following output:
Change Dir: /Users/adisorn/Desktop/Codes/modern-numerics-for-theoretical-physics/build/CMakeFiles/CMakeTmp

Run Build Command(s):/opt/macports/2.7.1/bin/ninja cmTC_22e31 && [1/2] Building CXX object CMakeFiles/cmTC_22e31.dir/src.cxx.o
[2/2] Linking CXX executable cmTC_22e31


Source file was:
int main() { return 0; }
Performing C++ SOURCE FILE Test COMPILER_SUPPORT_Wshadow succeeded with the following output:
Change Dir: /Users/adisorn/Desktop/Codes/modern-numerics-for-theoretical-physics/build/CMakeFiles/CMakeTmp

Run Build Command(s):/opt/macports/2.7.1/bin/ninja cmTC_2f489 && [1/2] Building CXX object CMakeFiles/cmTC_2f489.dir/src.cxx.o
[2/2] Linking CXX executable cmTC_2f489


Source file was:
int main() { return 0; }
Performing C++ SOURCE FILE Test COMPILER_SUPPORT_Wnopsabi succeeded with the following output:
Change Dir: /Users/adisorn/Desktop/Codes/modern-numerics-for-theoretical-physics/build/CMakeFiles/CMakeTmp

Run Build Command(s):/opt/macports/2.7.1/bin/ninja cmTC_81c2e && [1/2] Building CXX object CMakeFiles/cmTC_81c2e.dir/src.cxx.o
[2/2] Linking CXX executable cmTC_81c2e


Source file was:
int main() { return 0; }
Performing C++ SOURCE FILE Test COMPILER_SUPPORT_Wnovariadicmacros succeeded with the following output:
Change Dir: /Users/adisorn/Desktop/Codes/modern-numerics-for-theoretical-physics/build/CMakeFiles/CMakeTmp

Run Build Command(s):/opt/macports/2.7.1/bin/ninja cmTC_f874f && [1/2] Building CXX object CMakeFiles/cmTC_f874f.dir/src.cxx.o
[2/2] Linking CXX executable cmTC_f874f


Source file was:
int main() { return 0; }
Performing C++ SOURCE FILE Test COMPILER_SUPPORT_Wnolonglong succeeded with the following output:
Change Dir: /Users/adisorn/Desktop/Codes/modern-numerics-for-theoretical-physics/build/CMakeFiles/CMakeTmp

Run Build Command(s):/opt/macports/2.7.1/bin/ninja cmTC_66538 && [1/2] Building CXX object CMakeFiles/cmTC_66538.dir/src.cxx.o
[2/2] Linking CXX executable cmTC_66538


Source file was:
int main() { return 0; }
Performing C++ SOURCE FILE Test COMPILER_SUPPORT_fnochecknew succeeded with the following output:
Change Dir: /Users/adisorn/Desktop/Codes/modern-numerics-for-theoretical-physics/build/CMakeFiles/CMakeTmp

Run Build Command(s):/opt/macports/2.7.1/bin/ninja cmTC_260bb && [1/2] Building CXX object CMakeFiles/cmTC_260bb.dir/src.cxx.o
[2/2] Linking CXX executable cmTC_260bb


Source file was:
int main() { return 0; }
Performing C++ SOURCE FILE Test COMPILER_SUPPORT_fnocommon succeeded with the following output:
Change Dir: /Users/adisorn/Desktop/Codes/modern-numerics-for-theoretical-physics/build/CMakeFiles/CMakeTmp

Run Build Command(s):/opt/macports/2.7.1/bin/ninja cmTC_dbfe3 && [1/2] Building CXX object CMakeFiles/cmTC_dbfe3.dir/src.cxx.o
[2/2] Linking CXX executable cmTC_dbfe3


Source file was:
int main() { return 0; }
Performing C++ SOURCE FILE Test COMPILER_SUPPORT_fstrictaliasing succeeded with the following output:
Change Dir: /Users/adisorn/Desktop/Codes/modern-numerics-for-theoretical-physics/build/CMakeFiles/CMakeTmp

Run Build Command(s):/opt/macports/2.7.1/bin/ninja cmTC_6b625 && [1/2] Building CXX object CMakeFiles/cmTC_6b625.dir/src.cxx.o
[2/2] Linking CXX executable cmTC_6b625


Source file was:
int main() { return 0; }
Performing C++ SOURCE FILE Test COMPILER_SUPPORT_Qunusedarguments succeeded with the following output:
Change Dir: /Users/adisorn/Desktop/Codes/modern-numerics-for-theoretical-physics/build/CMakeFiles/CMakeTmp

Run Build Command(s):/opt/macports/2.7.1/bin/ninja cmTC_f328e && [1/2] Building CXX object CMakeFiles/cmTC_f328e.dir/src.cxx.o
[2/2] Linking CXX executable cmTC_f328e


Source file was:
int main() { return 0; }
Performing C++ SOURCE FILE Test COMPILER_SUPPORT_ansi succeeded with the following output:
Change Dir: /Users/adisorn/Desktop/Codes/modern-numerics-for-theoretical-physics/build/CMakeFiles/CMakeTmp

Run Build Command(s):/opt/macports/2.7.1/bin/ninja cmTC_9fd65 && [1/2] Building CXX object CMakeFiles/cmTC_9fd65.dir/src.cxx.o
[2/2] Linking CXX executable cmTC_9fd65


Source file was:
int main() { return 0; }
Determining if the include file pthread.h exists passed with the following output:
Change Dir: /Users/adisorn/Desktop/Codes/modern-numerics-for-theoretical-physics/build/CMakeFiles/CMakeTmp

Run Build Command(s):/opt/macports/2.7.1/bin/ninja cmTC_d72da && [1/2] Building C object CMakeFiles/cmTC_d72da.dir/CheckIncludeFile.c.o
[2/2] Linking C executable cmTC_d72da



Performing C SOURCE FILE Test CMAKE_HAVE_LIBC_PTHREAD succeeded with the following output:
Change Dir: /Users/adisorn/Desktop/Codes/modern-numerics-for-theoretical-physics/build/CMakeFiles/CMakeTmp

Run Build Command(s):/opt/macports/2.7.1/bin/ninja cmTC_3424f && [1/2] Building C object CMakeFiles/cmTC_3424f.dir/src.c.o
[2/2] Linking C executable cmTC_3424f


Source file was:
#include <pthread.h>

static void* test_func(void* data)
{
  return data;
}

int main(void)
{
  pthread_t thread;
  pthread_create(&thread, NULL, test_func, NULL);
  pthread_detach(thread);
  pthread_cancel(thread);
  pthread_join(thread, NULL);
  pthread_atfork(NULL, NULL, NULL);
  pthread_exit(NULL);

  return 0;
}

Determining if the function sgemm_ exists passed with the following output:
Change Dir: /Users/adisorn/Desktop/Codes/modern-numerics-for-theoretical-physics/build/CMakeFiles/CMakeTmp

Run Build Command(s):/opt/macports/2.7.1/bin/ninja cmTC_67f69 && [1/2] Building C object CMakeFiles/cmTC_67f69.dir/CheckFunctionExists.c.o
[2/2] Linking C executable cmTC_67f69



Performing C++ SOURCE FILE Test COMPILER_SUPPORT_FASTMATH succeeded with the following output:
Change Dir: /Users/adisorn/Desktop/Codes/modern-numerics-for-theoretical-physics/build/CMakeFiles/CMakeTmp

Run Build Command(s):/opt/macports/2.7.1/bin/ninja cmTC_8686f && [1/2] Building CXX object CMakeFiles/cmTC_8686f.dir/src.cxx.o
[2/2] Linking CXX executable cmTC_8686f


Source file was:
int main() { return 0; }
Performing C++ SOURCE FILE Test COMPILER_SUPPORT_std=cpp03 succeeded with the following output:
Change Dir: /Users/adisorn/Desktop/Codes/modern-numerics-for-theoretical-physics/build/CMakeFiles/CMakeTmp

Run Build Command(s):/opt/macports/2.7.1/bin/ninja cmTC_c44ea && [1/2] Building CXX object CMakeFiles/cmTC_c44ea.dir/src.cxx.o
[2/2] Linking CXX executable cmTC_c44ea


Source file was:
int main() { return 0; }
Determining if the function sgemm_ exists passed with the following output:
Change Dir: /Users/adisorn/Desktop/Codes/modern-numerics-for-theoretical-physics/build/CMakeFiles/CMakeTmp

Run Build Command(s):/opt/macports/2.7.1/bin/ninja cmTC_842be && [1/2] Building C object CMakeFiles/cmTC_842be.dir/CheckFunctionExists.c.o
[2/2] Linking C executable cmTC_842be



